<?xml version="1.0" encoding="UTF-8"?>
<testng-results skipped="0" failed="0" ignored="0" total="2" passed="2">
  <reporter-output>
  </reporter-output>
  <suite name="Default suite" duration-ms="24740" started-at="2021-02-14T17:00:45Z" finished-at="2021-02-14T17:01:10Z">
    <groups>
    </groups>
    <test name="Default test" duration-ms="24740" started-at="2021-02-14T17:00:45Z" finished-at="2021-02-14T17:01:10Z">
      <class name="testCases.LoginPageTest">
        <test-method status="PASS" signature="setUp()[pri:0, instance:testCases.LoginPageTest@54c562f7]" name="setUp" is-config="true" duration-ms="4025" started-at="2021-02-14T17:00:45Z" finished-at="2021-02-14T17:00:49Z">
          <reporter-output>
          </reporter-output>
        </test-method> <!-- setUp -->
        <test-method status="PASS" signature="loginTest()[pri:1, instance:testCases.LoginPageTest@54c562f7]" name="loginTest" duration-ms="6677" started-at="2021-02-14T17:00:49Z" finished-at="2021-02-14T17:00:56Z">
          <reporter-output>
          </reporter-output>
        </test-method> <!-- loginTest -->
        <test-method status="PASS" signature="tearDown()[pri:0, instance:testCases.LoginPageTest@54c562f7]" name="tearDown" is-config="true" duration-ms="775" started-at="2021-02-14T17:00:56Z" finished-at="2021-02-14T17:00:57Z">
          <reporter-output>
          </reporter-output>
        </test-method> <!-- tearDown -->
        <test-method status="PASS" signature="setUp()[pri:0, instance:testCases.LoginPageTest@54c562f7]" name="setUp" is-config="true" duration-ms="3048" started-at="2021-02-14T17:00:57Z" finished-at="2021-02-14T17:01:00Z">
          <reporter-output>
          </reporter-output>
        </test-method> <!-- setUp -->
        <test-method status="PASS" signature="loginpageTitleTest()[pri:2, instance:testCases.LoginPageTest@54c562f7]" name="loginpageTitleTest" duration-ms="8556" started-at="2021-02-14T17:01:00Z" finished-at="2021-02-14T17:01:08Z">
          <reporter-output>
          </reporter-output>
        </test-method> <!-- loginpageTitleTest -->
        <test-method status="PASS" signature="tearDown()[pri:0, instance:testCases.LoginPageTest@54c562f7]" name="tearDown" is-config="true" duration-ms="1614" started-at="2021-02-14T17:01:08Z" finished-at="2021-02-14T17:01:10Z">
          <reporter-output>
          </reporter-output>
        </test-method> <!-- tearDown -->
      </class> <!-- testCases.LoginPageTest -->
    </test> <!-- Default test -->
  </suite> <!-- Default suite -->
</testng-results>
